
	Solution from ipopt:
	----------------------------------------------------------------------------------------------------
	Problem                            : quadrotor_trajopt
	Solver                             : ipopt
	Objective                          : [1.24016399]
	Total time                         : 478.82084369659424
	Total callbacks                    : 1146
	Reused callbacks                   : 0
	obj callbacks                      : 298
	grad callbacks                     : 275
	hess callbacks                     : 0
	con callbacks                      : 298
	jac callbacks                      : 275
	Optimal variables                  : [ 1.24016399e+00  7.50850820e-18 -6.06097500e-18 -9.39143292e-18
  7.93031989e-19 -3.20008137e-18 -3.14276548e-18  1.00000000e+00
  3.65016952e-17 -1.33601260e-17 -6.42282648e-17  1.97774754e-18
 -5.22929566e-20 -3.06421486e-17  1.18692889e-04  2.08964296e-09
  1.40030032e-03  9.57074139e-03  1.68497310e-07  1.12912512e-01
  9.99371870e-01 -4.41400915e-07  2.50546533e-02 -1.25024426e-08
 -7.12290213e-05  4.04307833e+00 -2.01752354e-06  1.18112597e-03
  2.27144553e-08  7.59050795e-03  7.60980163e-02  1.49457406e-06
  3.86231767e-01  9.95582657e-01 -1.76121028e-06  8.64944958e-02
 -3.80339277e-08 -1.42163165e-04  5.89383796e+00 -4.03504876e-06
  5.06122101e-03  1.02441413e-07  2.20868788e-02  2.36771496e-01
  4.93416908e-06  7.82675809e-01  9.86612962e-01 -3.50736036e-06
  1.58937058e-01 -6.44046669e-08 -1.41573265e-04  5.89383735e+00
 -4.03505067e-06  1.40589416e-02  2.94648526e-07  4.60417969e-02
  4.88755181e-01  1.05643548e-05  1.14891697e+00  9.72379201e-01
 -5.22758933e-06  2.30531594e-01 -9.15929593e-08 -1.40983324e-04
  5.89383488e+00 -4.03505361e-06  3.03724724e-02  6.51942239e-07
  7.85452414e-02  8.26678170e-01  1.82458441e-05  1.47198193e+00
  9.52957338e-01 -6.91282516e-06  3.00896067e-01 -1.19975956e-07
 -1.40393727e-04  5.89382671e+00 -4.03504678e-06  5.60440453e-02
  1.22293275e-06  1.18376807e-01  1.24333620e+00  2.77956890e-05
  1.73981630e+00  9.28451117e-01 -8.55434657e-06  3.69654805e-01
 -1.49864566e-07 -1.39825902e-04  5.89378050e+00 -4.03442551e-06
  9.24734893e-02  1.95302773e-06  1.63714088e-01  1.69413370e+00
  3.10751520e-05  1.91593258e+00  9.00673572e-01  1.10470001e-06
  4.33247881e-01 -5.49508384e-06  1.87114143e-03  5.31102989e+00
 -6.07915841e-05  1.39315796e-01  2.60296704e-06  2.11756851e-01
  2.08297214e+00  2.13323773e-05  1.95797147e+00  8.77654889e-01
  1.56496386e-05  4.78944873e-01 -1.28345614e-05  7.21427334e-04
  2.94649263e+00 -2.81304426e-05  1.96001690e-01  2.92268557e-06
  2.60361608e-01  2.48786647e+00  4.44796587e-06  1.96124863e+00
  8.67471531e-01  1.27607484e-05  4.97478492e-01 -1.05836895e-05
 -1.31766156e-03  4.64446800e-01  2.95679574e-05  2.64227366e-01
  2.86277967e-06  3.09790251e-01  3.01347655e+00 -9.27844817e-06
  2.02440516e+00  8.66774839e-01  4.78886640e-06  4.98697503e-01
 -5.77433030e-06 -1.84132348e-04 -2.38015151e-01 -2.49811145e-06
  3.46047327e-01  2.53623265e-06  3.61126469e-01  3.58403490e+00
 -1.70525062e-05  2.11506494e+00  8.68255197e-01  2.77458156e-06
  4.96115574e-01 -4.67518360e-06 -1.84583547e-04 -2.41956047e-01
 -2.48576746e-06  4.41993501e-01  2.05882159e-06  4.14753458e-01
  4.15253660e+00 -2.14432949e-05  2.20912039e+00  8.69753904e-01
  3.21365715e-07  4.93483345e-01 -3.30967451e-06 -2.66868187e-04
 -2.46526540e-01 -1.58627131e-07  5.52010614e-01  1.51594504e-06
  4.70754207e-01  4.71863795e+00 -2.23312821e-05  2.30647185e+00
  8.71287314e-01 -1.84567647e-06  4.90770718e-01 -2.11515386e-06
 -1.30798282e-04 -2.55994958e-01 -4.00763622e-06  6.76029784e-01
  9.70715254e-07  5.29207520e-01  5.28158547e+00 -2.16330479e-05
  2.40688163e+00  8.72913999e-01 -1.81237464e-06  4.87871021e-01
 -2.24148538e-06  1.46940791e-04 -2.80194997e-01 -1.18648119e-05
  8.13966937e-01  4.30598483e-07  5.90191448e-01  5.84090750e+00
 -2.19189963e-05  2.51052672e+00  8.74731737e-01 -6.35919869e-07
  4.84603324e-01 -3.05397115e-06  8.43238093e-05 -3.22832686e-01
 -1.00960491e-05  9.65675201e-01 -1.30720979e-07  6.53763599e-01
  6.39201209e+00 -2.33427162e-05  2.61558174e+00  8.77035937e-01
 -3.80945733e-07  4.80416750e-01 -3.32349659e-06 -2.49758510e-05
 -4.47840810e-01 -7.00683400e-06  1.13100671e+00 -7.24531508e-07
  7.20019469e-01  6.93941128e+00 -2.45388972e-05  2.72692698e+00
  8.80046068e-01 -1.00553154e-06  4.74875208e-01 -3.07961324e-06
 -7.90946372e-05 -5.69182200e-01 -5.47832113e-06  1.30993175e+00
 -1.33430971e-06  7.89178889e-01  7.48811896e+00 -2.46302616e-05
  2.84970807e+00  8.83443903e-01 -1.91191302e-06  4.68522534e-01
 -2.67272409e-06 -7.69969028e-05 -5.92661020e-01 -5.53990364e-06
  1.50241566e+00 -1.93430402e-06  8.61493231e-01  8.03272447e+00
 -2.37499778e-05  2.98132258e+00  8.86871526e-01 -2.33141527e-06
  4.62001368e-01 -2.53954481e-06  1.10280252e-05 -5.95440337e-01
 -8.03245812e-06  1.70833953e+00 -2.50987342e-06  9.37172135e-01
  8.57184356e+00 -2.26607710e-05  3.12100782e+00  8.90261893e-01
 -2.22682229e-06  4.55433948e-01 -2.70039918e-06  1.98853130e-05
 -5.96500992e-01 -8.28639588e-06  1.92756451e+00 -3.06142988e-06
  1.01641421e+00  9.10525224e+00 -2.18137068e-05  3.26863669e+00
  8.93608883e-01 -2.04842381e-06  4.48831199e-01 -2.90161671e-06
  2.45897046e-05 -5.97326974e-01 -8.42295975e-06  2.15879778e+00
 -3.59028984e-06  1.09859685e+00  9.54012587e+00 -2.08306500e-05
  3.35811975e+00  9.00933376e-01 -2.85954220e-06  4.33761097e-01
 -2.57122842e-06 -1.55846872e-04 -2.10510946e+00 -3.32366685e-06
  2.39899620e+00 -4.07918307e-06  1.18198101e+00  9.82815279e+00
 -1.85910101e-05  3.36551956e+00  9.20591598e-01 -5.73877582e-06
  3.88866750e-01 -1.10065021e-06 -3.38252947e-04 -5.80442284e+00
  1.83683566e-06  2.64539052e+00 -4.48133701e-06  1.26556274e+00
  1.00397295e+01 -1.38364711e-05  3.37405125e+00  9.53257162e-01
 -9.62414406e-06  2.95508530e-01  1.16978559e-06 -3.37771219e-04
 -1.01885238e+01  1.83349329e-06  2.89648995e+00 -4.71794217e-06
  1.35085448e+00  1.02075472e+01 -5.24206654e-06  3.50340519e+00
  9.84713356e-01 -1.06719000e-05  1.52974397e-01  3.13847826e-06
  1.01420342e-04 -1.34801188e+01 -1.06324592e-05  3.15043829e+00
 -4.73134247e-06  1.44176021e+00  1.02694490e+01  4.16154032e-06
  3.82673261e+00  9.95750181e-01 -6.09378916e-06 -1.93568705e-02
  4.34203376e-06  5.36280686e-04 -1.45795978e+01 -2.31006167e-05
  3.40341383e+00 -4.59793943e-06  1.54153739e+00  1.01291064e+01
  6.59534627e-06  4.21875012e+00  9.76133710e-01  1.30701640e-06
 -1.97626079e-01  5.20363932e-06  5.27930797e-04 -1.45796202e+01
 -2.31008322e-05  3.65026346e+00 -4.53604083e-06  1.64992113e+00
  9.77548953e+00 -1.60418414e-06  4.52071883e+00  9.24863558e-01
  8.56509145e-06 -3.69486805e-01  5.87617016e-06  5.19566735e-04
 -1.45796075e+01 -2.31012002e-05  3.88661029e+00 -4.76383842e-06
  1.76366384e+00  9.28221810e+00 -1.67641594e-05  4.65086725e+00
  8.45123213e-01  1.34530703e-05 -5.27357078e-01  5.27131941e-06
  1.43414598e-04 -1.41700434e+01 -3.34559881e-05  4.11150414e+00
 -5.33405678e-06  1.87794136e+00  8.85198441e+00 -2.92151119e-05
  4.56384280e+00  7.51762758e-01  1.40193194e-05 -6.55540620e-01
  2.21808971e-06 -2.34920400e-04 -1.15682750e+01 -4.38128587e-05
  4.32700369e+00 -6.13646543e-06  1.98821870e+00  8.52471324e+00
 -3.54867055e-05  4.32831548e+00  6.71801860e-01  1.23603220e-05
 -7.39392878e-01 -1.80427480e-06 -2.45247447e-04 -7.18392025e+00
 -4.38167627e-05  4.53440545e+00 -7.05578970e-06  2.09192010e+00
  8.19902372e+00 -3.86425451e-05  4.03359455e+00  6.25317456e-01
  1.06189518e-05 -7.80177319e-01 -5.21518659e-06 -2.47918562e-04
 -2.80032946e+00 -4.37389419e-05  4.73180535e+00 -8.01668080e-06
  2.18744191e+00  7.71821766e+00 -3.88384255e-05  3.66875843e+00
  6.08777580e-01  9.03249154e-06 -7.93331979e-01 -8.17935387e-06
 -2.46373928e-04 -6.08340096e-01 -4.36429812e-05  4.91533654e+00
 -8.93716222e-06  2.27323974e+00  7.08072798e+00 -3.53841309e-05
  3.24950674e+00  6.02779673e-01  7.53961520e-06 -7.97898790e-01
 -1.10008677e-05 -2.46429319e-04 -6.07421333e-01 -4.36259430e-05
  5.08308972e+00 -9.71859873e-06  2.34851992e+00  6.44596511e+00
 -2.76266092e-05  2.82067253e+00  5.96756932e-01  6.03779414e-06
 -8.02413249e-01 -1.38335067e-05 -2.48737949e-04 -6.06446364e-01
 -4.36726578e-05  5.23513528e+00 -1.02509386e-05  2.41304586e+00
  5.81415241e+00 -1.52983497e-05  2.38234460e+00  5.90716381e-01
  4.31879894e-06 -8.06870572e-01 -1.69770160e-05 -3.07675920e-04
 -6.04227129e-01 -4.53207810e-05  5.37156825e+00 -1.04046366e-05
  2.46659108e+00  5.18705167e+00  2.90498783e-06  1.93524657e+00
  5.84788230e-01  1.65466887e-06 -8.11178094e-01 -2.14998704e-05
 -5.18778180e-04 -5.77547399e-01 -5.12716612e-05  5.49249631e+00
 -9.89200839e-06  2.50894032e+00  4.56392112e+00  3.84305320e-05
  1.47956362e+00  5.79169565e-01 -9.76771677e-06 -8.15200302e-01
 -3.90200616e-05 -2.83528283e-03 -5.36828362e-01 -1.16759932e-04
  5.59827234e+00 -8.40393918e-06  2.53999731e+00  3.96527576e+00
  8.15591805e-05  1.02470073e+00  5.75514446e-01 -5.53425503e-06
 -8.17790802e-01 -3.30133618e-05  4.03132810e-03 -1.85664550e-01
  7.74740981e-05  5.69026782e+00 -6.60131683e-06  2.56016285e+00
  3.45273374e+00  6.37943666e-05  6.01337515e-01  5.81537145e-01
  5.34271882e-05 -8.13474800e-01  5.53443320e-05  1.30787518e-02
  1.38063293e+00  3.33530363e-04  5.77005228e+00 -5.83975199e-06
  2.57026720e+00  2.98064580e+00 -2.38596903e-06  2.13421850e-01
  6.06238760e-01  3.97903980e-05 -7.94969793e-01  4.32313659e-05
 -1.59844505e-02  3.59824311e+00 -4.88956757e-04  5.83784632e+00
 -5.53644379e-06  2.57123366e+00  2.48589307e+00  2.68430735e-05
 -1.35492073e-01  6.50519935e-01 -6.46467564e-05 -7.58683880e-01
 -1.00046176e-04 -1.26835620e-02  5.64225264e+00 -3.96996389e-04
  5.89320672e+00 -3.79054440e-06  2.56442837e+00  1.97806448e+00
  1.13936645e-04 -4.13249049e-01  7.10282409e-01 -1.16928078e-05
 -7.02329537e-01 -6.43251312e-05  2.23170940e-02  7.62768504e+00
  5.93774634e-04  5.93604738e+00 -1.24985349e-06  2.55190186e+00
  1.47637108e+00  9.09306885e-05 -5.96819680e-01  7.80695469e-01
  9.30517176e-05 -6.22054773e-01  4.76695838e-05  1.84035339e-03
  9.64271169e+00  1.62485934e-05  5.96690246e+00  4.61219958e-08
  2.53627167e+00  1.01161295e+00  1.35696435e-05 -6.63512998e-01
  8.55251519e-01  4.34049271e-05 -5.13099075e-01  2.90933947e-05
 -1.02895991e-02  1.17429253e+01 -3.28134932e-04  5.98636696e+00
  1.20810013e-07  2.52122002e+00  5.57896879e-01 -7.54721285e-06
 -5.50168735e-01  9.22501390e-01 -8.20204732e-06 -3.77853542e-01
 -1.39410583e-06  6.78340590e-04  1.27563567e+01 -1.93529613e-05
  5.99586791e+00  1.36061060e-08  2.51039266e+00  2.08207374e-01
 -1.09712028e-06 -3.22890049e-01  9.69566427e-01 -2.08307177e-06
 -2.33586318e-01 -2.82118805e-07  3.40697247e-04  1.18589846e+01
 -9.67659040e-06  5.99911367e+00  8.64199423e-15  2.50427490e+00
  5.35126358e-02 -5.45107965e-13 -1.70412403e-01  9.92632987e-01
 -1.19768176e-12 -1.08312700e-01 -4.79151040e-14  1.20723333e-10
  8.76928039e+00  3.23328830e-12  5.99988866e+00  9.44001427e-16
  2.50108075e+00  8.97819619e-03 -7.51169593e-14 -8.71460935e-02
  9.99261339e-01 -2.27098879e-13 -2.71682825e-02 -6.03651599e-15
  3.66458339e-11  4.38464036e+00  9.70022749e-13  6.00000000e+00
  6.18661390e-18  2.50000000e+00  8.48767071e-18 -4.41209924e-18
 -8.46970214e-18  1.00000000e+00 -1.66162540e-17  7.18864733e-17
 -1.33858998e-17  6.07766122e-19 -3.14512160e-18  2.17150413e-17
  8.13241605e-06  9.99999807e+00  9.99999807e+00  8.13197545e-06
  1.55766305e+00  9.99999884e+00  9.99999884e+00  1.55831378e+00
  9.99999786e+00  9.99999795e+00  9.99999795e+00  9.99999786e+00
  9.99999882e+00  9.99999598e+00  9.99999598e+00  9.99999882e+00
  9.99999910e+00  9.99999065e+00  9.99999065e+00  9.99999910e+00
  9.99999921e+00  9.99997041e+00  9.99997041e+00  9.99999921e+00
  9.99999924e+00  9.99981716e+00  9.99981736e+00  9.99999924e+00
  9.99999923e+00  7.35118982e+00  7.33288329e+00  9.99999923e+00
  9.99999920e+00  1.85799796e+00  1.88683896e+00  9.99999920e+00
  9.99999915e+00  6.81115117e+00  6.80092010e+00  9.99999915e+00
  9.99999909e+00  9.98982526e+00  9.98971381e+00  9.99999909e+00
  9.99999903e+00  9.99219496e+00  9.99231040e+00  9.99999903e+00
  9.99999896e+00  9.98658000e+00  9.98721515e+00  9.99999896e+00
  9.99999888e+00  9.97084956e+00  9.96897295e+00  9.99999888e+00
  9.99999879e+00  9.92002975e+00  9.91937212e+00  9.99999879e+00
  9.99999868e+00  9.88519594e+00  9.88642406e+00  9.99999868e+00
  9.99999856e+00  9.54409405e+00  9.54386232e+00  9.99999856e+00
  9.99999841e+00  9.90217270e+00  9.90289744e+00  9.99999841e+00
  9.99999822e+00  9.99073813e+00  9.98999353e+00  9.99999822e+00
  9.99999800e+00  9.99698255e+00  9.99692321e+00  9.99999800e+00
  9.99999771e+00  9.99821606e+00  9.99819350e+00  9.99999771e+00
  9.99999734e+00  9.99803340e+00  9.99801192e+00  9.99999734e+00
  9.99999683e+00  3.12357559e+00  3.12524179e+00  9.99999683e+00
  9.99999612e+00  1.62594416e-03  1.62420247e-03  9.99999612e+00
  9.99999499e+00  8.32953543e-04  8.33618717e-04  9.99999499e+00
  9.99999292e+00  4.98696275e+00  4.98294134e+00  9.99999293e+00
  9.99998843e+00  9.99989238e+00  9.99989234e+00  9.99998844e+00
  9.99997614e+00  9.99997003e+00  9.99997002e+00  9.99997615e+00
  9.99992235e+00  9.99998638e+00  9.99998638e+00  9.99992244e+00
  8.13021006e+00  9.99999203e+00  9.99999203e+00  8.13354977e+00
  4.62319261e-04  9.99999453e+00  9.99999453e+00  4.63086275e-04
  8.37230961e-04  9.99999585e+00  9.99999585e+00  8.37721606e-04
  3.96208275e-03  9.99999665e+00  9.99999665e+00  3.93649094e-03
  9.99755961e+00  9.99999721e+00  9.99999721e+00  9.99755425e+00
  9.99824713e+00  9.99999761e+00  9.99999761e+00  9.99824700e+00
  9.99729367e+00  9.99999792e+00  9.99999792e+00  9.99730887e+00
  9.99231386e+00  9.99999816e+00  9.99999816e+00  9.99283024e+00
  9.88502669e+00  9.99999836e+00  9.99999836e+00  9.88642969e+00
  9.91867414e+00  9.99999851e+00  9.99999851e+00  9.93839359e+00
  8.51085681e+00  9.99999865e+00  9.99999865e+00  8.42848950e+00
  4.38596311e+00  9.99999876e+00  9.99999876e+00  4.38574254e+00
  5.36603972e+00  9.99999885e+00  9.99999885e+00  5.63154363e+00
  5.32529315e+00  9.99999891e+00  9.99999891e+00  5.03012853e+00
  5.77818271e+00  9.99999892e+00  9.99999892e+00  5.75378604e+00
  4.93738460e+00  9.99999885e+00  9.99999885e+00  5.14805536e+00
  5.42721092e+00  9.99999858e+00  9.99999858e+00  5.32761693e+00
  9.99994059e+00  9.99999757e+00  9.99999757e+00  9.99994066e+00
  9.99998947e+00  5.90512062e+00  5.90824169e+00  9.99998947e+00
  9.99999643e+00  2.06350364e-06  2.06351571e-06  9.99999643e+00
  9.99999835e+00  9.97037255e-07  9.97041857e-07  9.99999835e+00
  9.99999744e+00  1.58972363e-06  1.58972951e-06  9.99999744e+00]
	Optimal constraints                : [ 8.38554035e-18 -6.63789489e-18  3.69673472e-17  1.07893076e-11
  4.29333916e-12 -3.41371293e-13  5.14200477e-13 -8.69392168e-15
  2.19611261e-14 -9.26235430e-17 -1.59372710e-12 -6.90957834e-13
  5.29294400e-16  4.53779168e-19 -1.17558944e-17  1.31940561e-16
  1.12615247e-11  4.52784499e-12  5.03873110e-12  4.60671650e-12
 -1.46592802e-13  3.97363618e-13  4.05945337e-15 -8.04813984e-12
 -3.24752734e-12  5.21402426e-16 -3.76355286e-17 -2.80759496e-17
  1.88504968e-16  3.52578217e-12  1.61298692e-12  2.65398558e-11
  1.22040429e-11 -5.81510673e-13  1.58009870e-12  3.22062280e-14
 -1.29083043e-11 -5.10298196e-12 -3.62414013e-17 -1.11409940e-16
 -5.91355024e-17  2.19472337e-16  1.26423897e-11  5.57806120e-12
  6.75076829e-11  2.01094667e-11 -1.39095543e-12  3.74399934e-12
  1.12215816e-13 -1.29081219e-11 -5.08255443e-12 -3.30321300e-17
 -2.15053529e-16 -1.04721238e-16  2.75731230e-16  3.12159172e-11
  1.36000011e-11  1.25749228e-10  2.76918731e-11 -2.58906994e-12
  6.90354885e-12  2.70200457e-13 -1.29081908e-11 -5.06116897e-12
 -3.16258182e-17 -3.40539544e-16 -1.63729312e-16  3.64290299e-16
  6.19291541e-11  2.69955593e-11  1.97700135e-10  3.48372102e-11
 -4.15943162e-12  1.10239944e-11  5.32869068e-13 -1.29077918e-11
 -5.03945082e-12 -2.70774096e-17 -1.06941055e-15 -2.28135267e-16
  7.60451511e-17 -3.90477072e-09 -1.01219188e-09  5.64776630e-09
  2.93633616e-10 -2.79595867e-13  1.46098337e-10  7.49757426e-11
 -1.94151577e-10  7.89740807e-12  2.52822842e-15 -1.41410310e-15
 -2.76935601e-16  5.10431878e-17  5.87732462e-09 -3.97106373e-10
 -8.70276422e-09  4.86642496e-10  3.11020757e-11  2.62489207e-10
  1.57309240e-10 -3.33386436e-10  5.77383881e-11  2.24220473e-15
 -1.99927182e-16 -2.94849825e-16  1.20247540e-15  1.08838496e-08
  6.70291869e-10 -1.49176675e-08 -1.89505384e-10  7.60054456e-11
 -1.05743542e-10  7.87852057e-11  5.06269548e-12  5.08410889e-11
 -3.18341154e-15  7.22763030e-16 -2.92377082e-16  2.26943798e-15
  8.86846693e-10  7.16542834e-11 -2.51730386e-10 -5.29261749e-10
  8.04838307e-11 -3.05722261e-10 -3.11599640e-11  1.73660747e-10
  1.88957671e-12 -2.36809340e-15  4.71360400e-16 -2.92223554e-16
  2.31696369e-15 -4.75522328e-11 -8.44058605e-12  3.44688215e-10
 -2.16121248e-11  6.08659734e-11 -1.81623303e-11 -5.02391639e-11
  8.21402981e-11 -4.03552264e-12  8.58743621e-16  2.93107386e-16
 -3.03270485e-16  1.96192357e-15  1.18852103e-09 -1.65383810e-10
 -1.00980911e-09  3.02758994e-10  3.86883536e-11  1.72135680e-10
 -5.39531816e-11  1.63410109e-10  3.59271468e-12  1.81759977e-15
 -1.03326588e-16 -3.12942274e-16  1.32817482e-15  3.71123231e-09
 -1.46255376e-10 -3.88966970e-09  2.22127477e-10 -1.04220118e-11
  1.32408184e-10 -7.01767757e-11  1.20415333e-10  2.96979980e-11
  1.52365165e-15 -5.23005028e-16 -3.04123910e-16  3.20145821e-16
  3.42536054e-09 -4.85721252e-11 -3.11970015e-09 -1.19906366e-10
 -5.20024484e-11 -6.02427839e-11 -5.40120497e-11 -5.21822484e-11
  3.05276862e-11 -1.47738950e-15 -5.29324985e-16 -2.75706892e-16
 -1.02529597e-16 -8.52997599e-11 -2.79928584e-10  1.88387220e-09
 -2.10293112e-10 -4.12747600e-11 -1.16183129e-10 -1.13507628e-11
 -9.04011486e-11  5.62143110e-12 -1.45555043e-15 -1.21367850e-16
 -2.38595552e-16 -4.40989475e-16 -2.68750836e-10 -2.07594581e-10
  1.56456531e-09 -8.97624177e-11 -2.15308076e-11 -4.89745287e-11
 -3.92923429e-12 -3.85802029e-11  3.40085567e-12  1.14624945e-15
  1.72796931e-16 -1.94291839e-16 -5.55627061e-16  6.47132604e-10
 -1.73258981e-11 -2.35296778e-10 -6.56828314e-11 -3.53730562e-11
 -2.96809102e-11 -2.84682937e-11 -6.82319338e-11  2.50791840e-11
  1.44644534e-15  1.83811953e-16 -1.31895774e-16 -9.55006246e-16
  1.85898051e-10 -3.71556542e-11  2.13911947e-10 -7.06829999e-11
 -4.89367110e-11 -2.99670001e-11 -3.93102507e-11 -1.01332703e-10
  3.41034763e-11 -5.58238187e-16  1.61716620e-16 -4.60945832e-17
 -1.16054525e-15  1.61489760e-10  1.06049921e-11  9.95698845e-12
 -4.66775086e-11 -4.93530639e-11 -1.98298244e-11 -3.41987803e-11
 -9.26531993e-11  1.80867425e-11 -9.86306763e-16  2.53826727e-16
  5.72318829e-17 -1.18041642e-15  5.37369558e-11 -1.44080101e-11
  4.55678096e-11 -1.34781861e-11 -5.03622268e-11 -4.46776416e-12
 -3.17091097e-11 -8.50056012e-11  8.37878050e-12 -9.12962858e-17
  2.70579478e-16  1.71330519e-16 -1.27499217e-15  6.40059343e-11
  2.53553551e-11  6.08082854e-11  2.76156726e-11 -5.06895791e-11
  1.62983705e-11 -3.13868033e-11 -8.34943591e-11  7.53147769e-12
 -6.77268696e-17  7.18061651e-17  2.80566701e-16 -8.51839215e-16
  4.67549043e-10 -3.51347695e-10 -3.75112400e-10  3.62738012e-11
 -3.77029037e-11  1.65955218e-11 -2.66057692e-11 -4.86972365e-11
  1.37355020e-12 -1.52781588e-15  8.45048256e-16  3.60785127e-16
 -9.22739793e-16  4.53179715e-10 -3.51033729e-10 -3.74557669e-10
 -7.49877357e-13 -1.17325132e-11 -9.16936108e-12 -2.15079245e-11
 -7.93403824e-12 -1.28308710e-12 -1.51526101e-15  5.06041892e-16
  4.06037505e-16 -4.84721268e-16  3.83291035e-11  4.65344826e-11
  8.21485724e-11 -2.16212917e-11  2.35768448e-12 -2.29147212e-11
 -2.21477574e-11 -1.40335749e-12  1.95528694e-12 -3.96719929e-17
  2.55628240e-16  4.22316765e-16 -5.53178514e-16  1.02076153e-10
  6.33021487e-11  4.59880697e-11 -1.90653778e-11  9.66124343e-12
 -1.37892322e-11 -1.63719490e-11  8.42597198e-12 -7.52061778e-13
  1.85309721e-15  5.03656442e-16  4.09835023e-16 -5.23758594e-16
  7.96783274e-11  6.31276333e-11  3.80565876e-11 -2.17796890e-11
  1.82661514e-11  4.98167302e-13 -5.71304566e-12  3.56191110e-11
  8.11199542e-12  1.86008290e-15  3.87085624e-16  3.72149329e-16
 -3.45014597e-16 -2.00430658e-11  3.11452849e-11  3.56401356e-11
 -1.69435912e-11  1.95967255e-11  7.90016417e-12 -3.69498619e-12
  5.29413018e-11  1.94730382e-11 -2.47863930e-17  3.07947801e-17
  3.20522285e-16 -4.94293909e-16 -1.67163226e-11  6.40594890e-12
  1.17982737e-11 -5.23460895e-12  1.74975468e-11  6.19076244e-12
 -7.06626399e-12  5.29410647e-11  1.89364381e-11 -1.75973286e-17
  1.97896333e-16  2.65108665e-16 -3.54663755e-16 -3.76257392e-11
  4.74789305e-11 -3.33754931e-11  3.29858260e-12  1.34696374e-11
  1.27763863e-12 -7.91355412e-12  4.66605560e-11  1.53665597e-11
  4.93236110e-16 -6.77405265e-17  2.16326479e-16 -3.51698070e-16
 -3.79694760e-11  4.73777629e-11 -3.00346187e-11  5.39979674e-12
  7.19995191e-12 -2.47058866e-12 -5.47518867e-12  3.15201322e-11
  7.71947626e-12  4.83440624e-16  5.91196915e-16  1.80002932e-16
 -1.32174037e-16 -1.72500300e-11 -2.02478457e-12  1.46683703e-11
  4.83865634e-12  3.98499742e-12 -3.97145810e-12 -3.91398881e-12
  2.25013347e-11  3.17609034e-12 -3.49328570e-17 -2.79248438e-16
  1.49660746e-16 -1.60891188e-16 -1.39271390e-11  1.74010458e-11
 -1.58364025e-11  4.14627227e-12  3.43976815e-12 -4.05750179e-12
 -3.85860973e-12  1.84245772e-11  3.71781867e-12 -1.24830049e-16
  7.03334606e-16  1.13670531e-16 -4.63405590e-16 -2.57476075e-11
  2.36275605e-11 -1.63413367e-11  2.03445597e-12  2.71740547e-12
 -1.87981823e-12 -3.34272208e-12  9.63231409e-12  5.54687250e-12
 -1.57096741e-16  7.45436169e-17  6.69539456e-17 -1.24030727e-17
 -4.45959991e-11  8.41370014e-12  2.04011023e-11  3.04716033e-13
  2.31393290e-12  2.21175178e-13 -2.95781817e-12  3.02455160e-12
  7.05599458e-12 -7.61815321e-17 -2.11615577e-16  1.84512168e-17
  1.65661533e-16 -4.26207769e-11  6.85590873e-12  1.74721099e-11
 -6.11617043e-13  2.13223029e-12  1.40242113e-12 -2.77366105e-12
 -5.12500172e-13  7.76339891e-12 -5.52180497e-17  2.35420436e-16
 -2.28077813e-17 -1.18242730e-16 -9.29957640e-12  3.11387235e-11
 -7.37279553e-11 -3.91380241e-12  2.49881219e-12  5.88133919e-12
 -2.97444986e-12 -1.18073273e-11  1.16686888e-11 -5.66651006e-16
 -6.93482120e-16 -5.30893107e-17  2.96941598e-16  6.42596553e-11
  1.09641627e-10 -2.49867165e-10 -9.56115760e-12 -1.75196422e-12
  1.35945672e-11 -4.71163621e-13 -7.83132835e-11  1.63691779e-11
 -2.79385073e-16 -1.92811178e-16 -7.02940288e-17  1.25640830e-16
  2.52576277e-10  2.27593353e-11 -7.49882592e-10 -1.47930225e-12
 -4.05961393e-12  2.12076855e-12  1.41184888e-12 -1.06454077e-10
  9.22643994e-12  1.24274525e-15 -1.31973426e-15 -7.87189442e-17
  7.75174567e-17 -6.91063004e-10  3.33789903e-11  1.82157646e-09
  3.79405084e-11 -3.43979228e-12 -5.38260331e-11  3.99200863e-13
 -1.42582217e-10  8.77908157e-14 -3.61428069e-17  5.83338993e-16
 -8.49148672e-17  2.06875106e-16  8.73805947e-10 -2.37850167e-10
 -2.76709108e-09  4.02044985e-12  5.34693339e-12 -6.35927840e-12
 -1.60983246e-12 -6.18832318e-12 -7.60125455e-12  7.76249497e-16
  5.39816637e-16 -9.30722417e-17  1.96520181e-16  1.05500761e-09
  1.54652582e-10 -2.75105345e-09 -3.81721757e-11  1.15221821e-11
  5.30889690e-11 -1.36425755e-12  1.54396469e-10 -7.54031196e-12
 -8.87136752e-16 -7.38248807e-16 -9.70937979e-17  1.07624047e-16
 -4.51035886e-10  9.38000059e-10  3.35245493e-10  1.45186473e-11
 -5.75420341e-12 -1.11425059e-11  4.03688405e-12  6.05704135e-11
 -1.49191934e-12 -4.80728222e-15  7.58842096e-16 -7.44379592e-17
 -4.73746098e-16  2.25608687e-10 -1.09630080e-14 -1.61074442e-09
  1.13212809e-11 -3.86923830e-11 -9.18976711e-12  3.40468404e-11
  1.30085049e-11  2.35195322e-12  6.07623155e-16 -2.21247817e-16
 -2.05188467e-17 -1.86589288e-16 -3.91410686e-11 -5.53714819e-10
  4.76181129e-10 -2.19194439e-11 -3.32881473e-11  2.50059620e-11
  3.37600141e-11  5.74115098e-11 -1.23036024e-10  1.01073547e-14
  5.22750448e-17  2.45693692e-17  3.77395275e-17 -9.64483122e-12
 -9.77926391e-11  2.68571609e-12 -6.89815153e-12 -5.16734280e-12
  1.33226753e-11  5.28957426e-12  4.64557483e-11 -2.39685061e-10
 -3.76274460e-16  5.96534421e-16  2.74848888e-17 -1.90005672e-16
 -2.92362001e-12  4.28080665e-12 -3.96922188e-13  1.24457522e-13
 -1.11274883e-12  3.07406786e-12  1.98002845e-12 -4.81654920e-12
 -1.00868401e-10 -7.76346802e-15 -4.84906602e-16  7.37723850e-18
  2.49828951e-17 -1.11737629e-12  2.25837414e-12  3.49529538e-12
 -3.09439541e-12  1.59584161e-13  6.47086187e-13  4.29197725e-14
 -3.82179155e-12  1.53825207e-11 -1.24117669e-15  9.95044168e-17
 -4.46514744e-18  1.87399762e-16 -4.63197829e-13  2.03350010e-12
 -4.47870798e-14 -3.50906314e-13  1.18224243e-14  6.06761046e-14
  2.41471430e-15 -7.29663299e-13  3.09424508e-12 -1.24810566e-15
  2.07687852e-16 -6.18661437e-18  7.30495607e-17 -1.84123482e-17
  4.18195461e-18  4.14819306e-17 -2.79721495e-17  1.30727892e-17
 -7.37815583e-17  1.25411671e-17  1.76054307e-16  2.25537729e-16
 -2.39064904e-17  1.25179061e-17 -6.18661396e-18 -2.19849235e-16
 -1.03591196e-17  4.33537992e-18  1.15581226e-17  1.08702676e-16
  1.51825151e-17 -6.82233838e-17  1.33859006e-17 -2.70116497e-16
  9.08730502e-16 -2.06586448e-17  7.50850820e-18 -6.06097500e-18
 -9.39143292e-18  7.93031989e-19 -3.20008137e-18 -3.14276548e-18
  1.00000000e+00  3.65016952e-17 -1.33601260e-17 -6.42282648e-17
  1.97774754e-18 -5.22929566e-20 -3.06421486e-17  6.00000000e+00
  6.18661390e-18  2.50000000e+00  8.48767071e-18 -4.41209924e-18
 -8.46970214e-18  1.00000000e+00 -1.66162540e-17  7.18864733e-17
 -1.33858998e-17  6.07766122e-19 -3.14512160e-18  2.17150413e-17]
	Optimal multipliers (bounds)       : [-7.70358111e-10  0.00000000e+00  0.00000000e+00  0.00000000e+00
  0.00000000e+00  0.00000000e+00  0.00000000e+00  0.00000000e+00
  0.00000000e+00  0.00000000e+00  0.00000000e+00  0.00000000e+00
  0.00000000e+00  0.00000000e+00  0.00000000e+00  0.00000000e+00
  0.00000000e+00  0.00000000e+00  0.00000000e+00  0.00000000e+00
  0.00000000e+00  0.00000000e+00  0.00000000e+00  0.00000000e+00
  0.00000000e+00  0.00000000e+00  0.00000000e+00  0.00000000e+00
  0.00000000e+00  0.00000000e+00  0.00000000e+00  0.00000000e+00
  0.00000000e+00  0.00000000e+00  0.00000000e+00  0.00000000e+00
  0.00000000e+00  0.00000000e+00  0.00000000e+00  0.00000000e+00
  0.00000000e+00  0.00000000e+00  0.00000000e+00  0.00000000e+00
  0.00000000e+00  0.00000000e+00  0.00000000e+00  0.00000000e+00
  0.00000000e+00  0.00000000e+00  0.00000000e+00  0.00000000e+00
  0.00000000e+00  0.00000000e+00  0.00000000e+00  0.00000000e+00
  0.00000000e+00  0.00000000e+00  0.00000000e+00  0.00000000e+00
  0.00000000e+00  0.00000000e+00  0.00000000e+00  0.00000000e+00
  0.00000000e+00  0.00000000e+00  0.00000000e+00  0.00000000e+00
  0.00000000e+00  0.00000000e+00  0.00000000e+00  0.00000000e+00
  0.00000000e+00  0.00000000e+00  0.00000000e+00  0.00000000e+00
  0.00000000e+00  0.00000000e+00  0.00000000e+00  0.00000000e+00
  0.00000000e+00  0.00000000e+00  0.00000000e+00  0.00000000e+00
  0.00000000e+00  0.00000000e+00  0.00000000e+00  0.00000000e+00
  0.00000000e+00  0.00000000e+00  0.00000000e+00  0.00000000e+00
  0.00000000e+00  0.00000000e+00  0.00000000e+00  0.00000000e+00
  0.00000000e+00  0.00000000e+00  0.00000000e+00  0.00000000e+00
  0.00000000e+00  0.00000000e+00  0.00000000e+00  0.00000000e+00
  0.00000000e+00  0.00000000e+00  0.00000000e+00  0.00000000e+00
  0.00000000e+00  0.00000000e+00  0.00000000e+00  0.00000000e+00
  0.00000000e+00  0.00000000e+00  0.00000000e+00  0.00000000e+00
  0.00000000e+00  0.00000000e+00  0.00000000e+00  0.00000000e+00
  0.00000000e+00  0.00000000e+00  0.00000000e+00  0.00000000e+00
  0.00000000e+00  0.00000000e+00  0.00000000e+00  0.00000000e+00
  0.00000000e+00  0.00000000e+00  0.00000000e+00  0.00000000e+00
  0.00000000e+00  0.00000000e+00  0.00000000e+00  0.00000000e+00
  0.00000000e+00  0.00000000e+00  0.00000000e+00  0.00000000e+00
  0.00000000e+00  0.00000000e+00  0.00000000e+00  0.00000000e+00
  0.00000000e+00  0.00000000e+00  0.00000000e+00  0.00000000e+00
  0.00000000e+00  0.00000000e+00  0.00000000e+00  0.00000000e+00
  0.00000000e+00  0.00000000e+00  0.00000000e+00  0.00000000e+00
  0.00000000e+00  0.00000000e+00  0.00000000e+00  0.00000000e+00
  0.00000000e+00  0.00000000e+00  0.00000000e+00  0.00000000e+00
  0.00000000e+00  0.00000000e+00  0.00000000e+00  0.00000000e+00
  0.00000000e+00  0.00000000e+00  0.00000000e+00  0.00000000e+00
  0.00000000e+00  0.00000000e+00  0.00000000e+00  0.00000000e+00
  0.00000000e+00  0.00000000e+00  0.00000000e+00  0.00000000e+00
  0.00000000e+00  0.00000000e+00  0.00000000e+00  0.00000000e+00
  0.00000000e+00  0.00000000e+00  0.00000000e+00  0.00000000e+00
  0.00000000e+00  0.00000000e+00  0.00000000e+00  0.00000000e+00
  0.00000000e+00  0.00000000e+00  0.00000000e+00  0.00000000e+00
  0.00000000e+00  0.00000000e+00  0.00000000e+00  0.00000000e+00
  0.00000000e+00  0.00000000e+00  0.00000000e+00  0.00000000e+00
  0.00000000e+00  0.00000000e+00  0.00000000e+00  0.00000000e+00
  0.00000000e+00  0.00000000e+00  0.00000000e+00  0.00000000e+00
  0.00000000e+00  0.00000000e+00  0.00000000e+00  0.00000000e+00
  0.00000000e+00  0.00000000e+00  0.00000000e+00  0.00000000e+00
  0.00000000e+00  0.00000000e+00  0.00000000e+00  0.00000000e+00
  0.00000000e+00  0.00000000e+00  0.00000000e+00  0.00000000e+00
  0.00000000e+00  0.00000000e+00  0.00000000e+00  0.00000000e+00
  0.00000000e+00  0.00000000e+00  0.00000000e+00  0.00000000e+00
  0.00000000e+00  0.00000000e+00  0.00000000e+00  0.00000000e+00
  0.00000000e+00  0.00000000e+00  0.00000000e+00  0.00000000e+00
  0.00000000e+00  0.00000000e+00  0.00000000e+00  0.00000000e+00
  0.00000000e+00  0.00000000e+00  0.00000000e+00  0.00000000e+00
  0.00000000e+00  0.00000000e+00  0.00000000e+00  0.00000000e+00
  0.00000000e+00  0.00000000e+00  0.00000000e+00  0.00000000e+00
  0.00000000e+00  0.00000000e+00  0.00000000e+00  0.00000000e+00
  0.00000000e+00  0.00000000e+00  0.00000000e+00  0.00000000e+00
  0.00000000e+00  0.00000000e+00  0.00000000e+00  0.00000000e+00
  0.00000000e+00  0.00000000e+00  0.00000000e+00  0.00000000e+00
  0.00000000e+00  0.00000000e+00  0.00000000e+00  0.00000000e+00
  0.00000000e+00  0.00000000e+00  0.00000000e+00  0.00000000e+00
  0.00000000e+00  0.00000000e+00  0.00000000e+00  0.00000000e+00
  0.00000000e+00  0.00000000e+00  0.00000000e+00  0.00000000e+00
  0.00000000e+00  0.00000000e+00  0.00000000e+00  0.00000000e+00
  0.00000000e+00  0.00000000e+00  0.00000000e+00  0.00000000e+00
  0.00000000e+00  0.00000000e+00  0.00000000e+00  0.00000000e+00
  0.00000000e+00  0.00000000e+00  0.00000000e+00  0.00000000e+00
  0.00000000e+00  0.00000000e+00  0.00000000e+00  0.00000000e+00
  0.00000000e+00  0.00000000e+00  0.00000000e+00  0.00000000e+00
  0.00000000e+00  0.00000000e+00  0.00000000e+00  0.00000000e+00
  0.00000000e+00  0.00000000e+00  0.00000000e+00  0.00000000e+00
  0.00000000e+00  0.00000000e+00  0.00000000e+00  0.00000000e+00
  0.00000000e+00  0.00000000e+00  0.00000000e+00  0.00000000e+00
  0.00000000e+00  0.00000000e+00  0.00000000e+00  0.00000000e+00
  0.00000000e+00  0.00000000e+00  0.00000000e+00  0.00000000e+00
  0.00000000e+00  0.00000000e+00  0.00000000e+00  0.00000000e+00
  0.00000000e+00  0.00000000e+00  0.00000000e+00  0.00000000e+00
  0.00000000e+00  0.00000000e+00  0.00000000e+00  0.00000000e+00
  0.00000000e+00  0.00000000e+00  0.00000000e+00  0.00000000e+00
  0.00000000e+00  0.00000000e+00  0.00000000e+00  0.00000000e+00
  0.00000000e+00  0.00000000e+00  0.00000000e+00  0.00000000e+00
  0.00000000e+00  0.00000000e+00  0.00000000e+00  0.00000000e+00
  0.00000000e+00  0.00000000e+00  0.00000000e+00  0.00000000e+00
  0.00000000e+00  0.00000000e+00  0.00000000e+00  0.00000000e+00
  0.00000000e+00  0.00000000e+00  0.00000000e+00  0.00000000e+00
  0.00000000e+00  0.00000000e+00  0.00000000e+00  0.00000000e+00
  0.00000000e+00  0.00000000e+00  0.00000000e+00  0.00000000e+00
  0.00000000e+00  0.00000000e+00  0.00000000e+00  0.00000000e+00
  0.00000000e+00  0.00000000e+00  0.00000000e+00  0.00000000e+00
  0.00000000e+00  0.00000000e+00  0.00000000e+00  0.00000000e+00
  0.00000000e+00  0.00000000e+00  0.00000000e+00  0.00000000e+00
  0.00000000e+00  0.00000000e+00  0.00000000e+00  0.00000000e+00
  0.00000000e+00  0.00000000e+00  0.00000000e+00  0.00000000e+00
  0.00000000e+00  0.00000000e+00  0.00000000e+00  0.00000000e+00
  0.00000000e+00  0.00000000e+00  0.00000000e+00  0.00000000e+00
  0.00000000e+00  0.00000000e+00  0.00000000e+00  0.00000000e+00
  0.00000000e+00  0.00000000e+00  0.00000000e+00  0.00000000e+00
  0.00000000e+00  0.00000000e+00  0.00000000e+00  0.00000000e+00
  0.00000000e+00  0.00000000e+00  0.00000000e+00  0.00000000e+00
  0.00000000e+00  0.00000000e+00  0.00000000e+00  0.00000000e+00
  0.00000000e+00  0.00000000e+00  0.00000000e+00  0.00000000e+00
  0.00000000e+00  0.00000000e+00  0.00000000e+00  0.00000000e+00
  0.00000000e+00  0.00000000e+00  0.00000000e+00  0.00000000e+00
  0.00000000e+00  0.00000000e+00  0.00000000e+00  0.00000000e+00
  0.00000000e+00  0.00000000e+00  0.00000000e+00  0.00000000e+00
  0.00000000e+00  0.00000000e+00  0.00000000e+00  0.00000000e+00
  0.00000000e+00  0.00000000e+00  0.00000000e+00  0.00000000e+00
  0.00000000e+00  0.00000000e+00  0.00000000e+00  0.00000000e+00
  0.00000000e+00  0.00000000e+00  0.00000000e+00  0.00000000e+00
  0.00000000e+00  0.00000000e+00  0.00000000e+00  0.00000000e+00
  0.00000000e+00  0.00000000e+00  0.00000000e+00  0.00000000e+00
  0.00000000e+00  0.00000000e+00  0.00000000e+00  0.00000000e+00
  0.00000000e+00  0.00000000e+00  0.00000000e+00  0.00000000e+00
  0.00000000e+00  0.00000000e+00  0.00000000e+00  0.00000000e+00
  0.00000000e+00  0.00000000e+00  0.00000000e+00  0.00000000e+00
  0.00000000e+00  0.00000000e+00  0.00000000e+00  0.00000000e+00
  0.00000000e+00  0.00000000e+00  0.00000000e+00  0.00000000e+00
  0.00000000e+00  0.00000000e+00  0.00000000e+00  0.00000000e+00
  0.00000000e+00  0.00000000e+00  0.00000000e+00  0.00000000e+00
  0.00000000e+00  0.00000000e+00  0.00000000e+00  0.00000000e+00
  0.00000000e+00  0.00000000e+00  0.00000000e+00  0.00000000e+00
  0.00000000e+00  0.00000000e+00  0.00000000e+00  0.00000000e+00
  0.00000000e+00  0.00000000e+00  0.00000000e+00  0.00000000e+00
  0.00000000e+00  0.00000000e+00  0.00000000e+00  0.00000000e+00
  0.00000000e+00  0.00000000e+00  0.00000000e+00  0.00000000e+00
  0.00000000e+00  0.00000000e+00  0.00000000e+00  0.00000000e+00
  0.00000000e+00  0.00000000e+00  0.00000000e+00  0.00000000e+00
  0.00000000e+00  0.00000000e+00  0.00000000e+00  0.00000000e+00
  0.00000000e+00  0.00000000e+00  0.00000000e+00  0.00000000e+00
  0.00000000e+00  0.00000000e+00  0.00000000e+00  0.00000000e+00
  0.00000000e+00  0.00000000e+00  0.00000000e+00  0.00000000e+00
  0.00000000e+00  0.00000000e+00  0.00000000e+00  0.00000000e+00
  0.00000000e+00  0.00000000e+00  0.00000000e+00  0.00000000e+00
  0.00000000e+00  0.00000000e+00  0.00000000e+00  0.00000000e+00
  0.00000000e+00  0.00000000e+00  0.00000000e+00  0.00000000e+00
  0.00000000e+00  0.00000000e+00  0.00000000e+00  0.00000000e+00
  0.00000000e+00  0.00000000e+00  0.00000000e+00  0.00000000e+00
  0.00000000e+00  0.00000000e+00  0.00000000e+00  0.00000000e+00
  0.00000000e+00  0.00000000e+00  0.00000000e+00  0.00000000e+00
  0.00000000e+00  0.00000000e+00  0.00000000e+00  0.00000000e+00
  0.00000000e+00  0.00000000e+00  0.00000000e+00  0.00000000e+00
  0.00000000e+00  0.00000000e+00  0.00000000e+00  0.00000000e+00
  0.00000000e+00  0.00000000e+00  0.00000000e+00  0.00000000e+00
  0.00000000e+00  0.00000000e+00  0.00000000e+00  0.00000000e+00
  0.00000000e+00  0.00000000e+00  0.00000000e+00  0.00000000e+00
  0.00000000e+00  0.00000000e+00  0.00000000e+00  0.00000000e+00
  0.00000000e+00  0.00000000e+00  0.00000000e+00  0.00000000e+00
  0.00000000e+00  0.00000000e+00  0.00000000e+00  0.00000000e+00
  0.00000000e+00  0.00000000e+00  0.00000000e+00  0.00000000e+00
  0.00000000e+00  0.00000000e+00  0.00000000e+00  0.00000000e+00
  0.00000000e+00  0.00000000e+00  0.00000000e+00  0.00000000e+00
  0.00000000e+00  0.00000000e+00  0.00000000e+00  0.00000000e+00
  0.00000000e+00  0.00000000e+00  0.00000000e+00  0.00000000e+00
  0.00000000e+00  0.00000000e+00  0.00000000e+00  0.00000000e+00
  0.00000000e+00  0.00000000e+00  0.00000000e+00  0.00000000e+00
  0.00000000e+00  0.00000000e+00  0.00000000e+00  0.00000000e+00
 -1.36683224e-04  5.48885732e-04  5.48849266e-04 -1.36690621e-04
 -5.82660970e-10  8.83082713e-04  8.83020502e-04 -5.82352561e-10
  4.96694957e-04  5.17566143e-04  5.17524951e-04  4.96708956e-04
  8.71748984e-04  2.70006330e-04  2.69984345e-04  8.71780985e-04
  1.11381130e-03  1.17752806e-04  1.17746318e-04  1.11385822e-03
  1.24632908e-03  3.74863058e-05  3.74898465e-05  1.24638587e-03
  1.29359550e-03  6.08349819e-06  6.09007859e-06  1.29365538e-03
  1.28002708e-03  2.68764080e-10  2.65503852e-10  1.28008349e-03
  1.23067756e-03 -4.62279107e-10 -4.52639365e-10  1.23072876e-03
  1.16839253e-03  1.85608872e-10  1.84247037e-10  1.16844190e-03
  1.10423486e-03  1.07049443e-07  1.07088670e-07  1.10428547e-03
  1.04016482e-03  1.41453533e-07  1.44263126e-07  1.04021707e-03
  9.76213869e-04  7.98328877e-08  8.61643140e-08  9.76266581e-04
  9.12291393e-04  3.73793455e-08  3.52109457e-08  9.12342816e-04
  8.48372628e-04  1.38045037e-08  1.36874493e-08  8.48421230e-04
  7.84481359e-04  9.57798408e-09  9.68252501e-09  7.84526392e-04
  7.20654308e-04  2.32450712e-09  2.32328493e-09  7.20695761e-04
  6.56884387e-04  1.12640992e-08  1.13489352e-08  6.56922636e-04
  5.93116296e-04  1.20050171e-07  1.10592717e-07  5.93152039e-04
  5.29352741e-04  3.68702863e-07  3.61577538e-07  5.29387064e-04
  4.65759936e-04  6.23709889e-07  6.15906576e-07  4.65794104e-04
  4.02701578e-04  5.65768689e-07  5.59651184e-07  4.02736940e-04
  3.40608622e-04 -1.94453121e-10 -1.94224043e-10  3.40646255e-04
  2.79448511e-04 -6.84363358e-07 -6.85100607e-07  2.79488459e-04
  2.17833560e-04 -1.33599896e-06 -1.33493457e-06  2.17874419e-04
  1.55078812e-04 -1.16077844e-12 -1.51883232e-12  1.55117779e-04
  9.53758237e-05  1.03315143e-05  1.03274013e-05  9.54095207e-05
  4.64465145e-05  3.70122307e-05  3.70009791e-05  4.64723753e-05
  1.43138316e-05  8.11388846e-05  8.11191311e-05  1.43309451e-05
  4.58329345e-10  1.37908046e-04  1.37880416e-04  4.59450650e-10
 -2.40711775e-06  1.99978900e-04  1.99945507e-04 -2.40308922e-06
 -1.32917043e-06  2.61776633e-04  2.61739661e-04 -1.32831773e-06
 -2.80586343e-07  3.22772032e-04  3.22733137e-04 -2.82046805e-07
  4.55835584e-07  3.84547051e-04  3.84507595e-04  4.54650271e-07
  6.34724836e-07  4.47402353e-04  4.47363532e-04  6.34594117e-07
  4.11007421e-07  5.10898951e-04  5.10861665e-04  4.13233203e-07
  1.44584387e-07  5.74625570e-04  5.74590085e-04  1.54258144e-07
  9.56273990e-09  6.38374572e-04  6.38340423e-04  9.68281805e-09
  1.35348837e-08  7.02118597e-04  7.02083923e-04  1.78268140e-08
  6.16584435e-10  7.65958460e-04  7.65916029e-04  5.76134382e-10
 -5.55065468e-11  8.29558049e-04  8.29503362e-04 -5.55268648e-11
  3.27650891e-11  8.89352635e-04  8.89305534e-04  5.71391866e-11
  2.90850957e-11  9.34479009e-04  9.34453857e-04  2.68254755e-12
  7.10050283e-11  9.44684150e-04  9.44652202e-04  6.86738232e-11
 -5.57580853e-12  8.90295945e-04  8.90244908e-04  1.31936086e-11
  3.83162440e-11  7.34306005e-04  7.34264896e-04  2.92949826e-11
  1.87017823e-05  4.40040774e-04  4.40022317e-04  1.87245315e-05
  1.04674411e-04  8.33173361e-11  8.36242090e-11  1.04714385e-04
  3.03486273e-04 -5.36740005e-04 -5.36736881e-04  3.03535811e-04
  6.36284898e-04 -1.10515521e-03 -1.10515016e-03  6.36338801e-04
  4.18588783e-04 -6.95702924e-04 -6.95700365e-04  4.18616364e-04]
	Optimal multipliers (constr.)      : [ 7.03916239e-02 -8.82901285e-07  3.42982658e-02  4.54205990e-02
 -4.65504278e-07  2.49268541e-02  4.05908560e-01  2.23567046e-06
  1.96178341e-01 -3.51467396e-06  6.37553916e-08  3.12720268e-03
 -2.13716830e-06  7.03916238e-02 -8.82901169e-07  3.42982658e-02
  4.36746559e-02 -4.43596097e-07  2.40761446e-02  3.95544756e-01
  1.68275592e-06  1.83175774e-01 -3.23517285e-06  3.24182171e-08
  9.00901332e-04 -2.08864510e-06  7.03916239e-02 -8.82899962e-07
  3.42982658e-02  4.19287130e-02 -4.21615477e-07  2.32254347e-02
  3.78087558e-01  5.31985277e-07  1.60491874e-01 -2.72141688e-06
 -4.01274877e-10 -8.05752941e-04 -2.05440941e-06  7.03916239e-02
 -8.82894206e-07  3.42982658e-02  4.01827707e-02 -3.99440654e-07
  2.23747243e-02  3.58349050e-01 -6.86250095e-07  1.43410336e-01
 -2.20189041e-06 -2.97372113e-08 -1.93915176e-03 -2.03795540e-06
  7.03916239e-02 -8.82877528e-07  3.42982657e-02  3.84368291e-02
 -3.76931763e-07  2.15240130e-02  3.36309816e-01 -1.95679803e-06
  1.31620661e-01 -1.68520225e-06 -5.11643857e-08 -2.60443448e-03
 -2.03376712e-06  7.03916240e-02 -8.82839926e-07  3.42982656e-02
  3.66908885e-02 -3.53957205e-07  2.06733004e-02  3.11988300e-01
 -3.26388807e-06  1.24756464e-01 -1.18005273e-06 -6.10065948e-08
 -2.90978365e-03 -2.03622786e-06  7.03916242e-02 -8.82768645e-07
  3.42982654e-02  3.49449490e-02 -3.30421928e-07  1.98225863e-02
  2.85440986e-01 -4.59143616e-06  1.22401432e-01 -6.95140072e-07
 -5.64658284e-08 -2.96330029e-03 -2.03970624e-06  7.03916245e-02
 -8.82649715e-07  3.42982650e-02  3.31990105e-02 -3.06324386e-07
  1.89718709e-02  2.60379166e-01  1.72913368e-06  1.24455763e-01
 -3.74431200e-06 -4.64364000e-08 -2.87564269e-03 -1.89522534e-06
  7.03916249e-02 -8.82470681e-07  3.42982645e-02  3.14530728e-02
 -2.81791061e-07  1.81211544e-02  2.43657489e-01  4.68073884e-06
  1.25336635e-01 -5.11924916e-06 -3.99078874e-08 -2.73816287e-03
 -1.83460001e-06  7.03916254e-02 -8.82221176e-07  3.42982638e-02
  2.97071358e-02 -2.56866584e-07  1.72704372e-02  2.26049727e-01
  1.51324068e-06  1.16773116e-01 -3.32200416e-06 -4.03442420e-08
 -2.59156925e-03 -1.90727398e-06  7.03916261e-02 -8.81890790e-07
  3.42982629e-02  2.79611992e-02 -2.31506232e-07  1.64197194e-02
  2.07365380e-01  1.15863544e-06  1.05302886e-01 -3.10075116e-06
 -4.70859927e-08 -2.44494019e-03 -1.90091161e-06  7.03916270e-02
 -8.81469369e-07  3.42982618e-02  2.62152629e-02 -2.05779595e-07
  1.55690014e-02  1.89894648e-01  7.25405759e-07  9.45918488e-02
 -2.83699010e-06 -5.36534340e-08 -2.29909349e-03 -1.89308510e-06
  7.03916280e-02 -8.80949459e-07  3.42982605e-02  2.44693265e-02
 -1.79839258e-07  1.47182839e-02  1.73636040e-01  1.74355911e-08
  8.46563373e-02 -2.42704029e-06 -5.76993616e-08 -2.15344491e-03
 -1.88817247e-06  7.03916292e-02 -8.80327747e-07  3.42982590e-02
  2.27233897e-02 -1.53871149e-07  1.38675672e-02  1.58594286e-01
 -4.59139311e-07  7.55036578e-02 -2.13927508e-06 -5.85077094e-08
 -2.00773276e-03 -1.87441442e-06  7.03916305e-02 -8.79605652e-07
  3.42982573e-02  2.09774520e-02 -1.28076166e-07  1.30168517e-02
  1.44796979e-01 -3.62409673e-07  6.71274653e-02 -2.14767240e-06
 -5.68290373e-08 -1.86196535e-03 -1.84674767e-06  7.03916320e-02
 -8.78789480e-07  3.42982555e-02  1.92315132e-02 -1.02652276e-07
  1.21661376e-02  1.32235991e-01 -3.06936998e-07  5.94936545e-02
 -2.13993968e-06 -5.36142747e-08 -1.71630959e-03 -1.82269095e-06
  7.03916335e-02 -8.77890194e-07  3.42982535e-02  1.74855732e-02
 -7.77815256e-08  1.13154252e-02  1.21146050e-01 -3.97415469e-07
  5.25590876e-02 -2.06704084e-06 -5.00774888e-08 -1.57087423e-03
 -1.80330468e-06  7.03916351e-02 -8.76923122e-07  3.42982515e-02
  1.57396321e-02 -5.36381798e-08  1.04647144e-02  1.11109364e-01
 -5.66100847e-07  4.61091340e-02 -1.96060092e-06 -4.65092314e-08
 -1.42540112e-03 -1.78548906e-06  7.03916368e-02 -8.75907728e-07
  3.42982495e-02  1.39936899e-02 -3.03845452e-08  9.61400535e-03
  1.02217641e-01 -7.31760156e-07  4.03979277e-02 -1.85883193e-06
 -4.37310098e-08 -1.27952176e-03 -1.76698493e-06  7.03916384e-02
 -8.74867025e-07  3.42982475e-02  1.22477468e-02 -8.14698064e-09
  8.76329790e-03  9.44803469e-02 -7.70291894e-07  3.55105803e-02
 -1.81666375e-06 -4.24555230e-08 -1.13345756e-03 -1.74540939e-06
  7.03916401e-02 -8.73826698e-07  3.42982456e-02  1.05018027e-02
  1.29895212e-08  7.91259186e-03  8.78758486e-02 -7.69644388e-07
  3.14872618e-02 -1.79720066e-06 -4.27007927e-08 -9.88311589e-04
 -1.72365780e-06  7.03916417e-02 -8.72813848e-07  3.42982437e-02
  8.75585777e-03  3.29800379e-08  7.06188705e-03  8.23811543e-02
 -7.35948101e-07  2.83654566e-02 -1.79785882e-06 -4.47641655e-08
 -8.46105875e-04 -1.70189124e-06  7.03916432e-02 -8.71854038e-07
  3.42982420e-02  7.00991240e-03  5.20106727e-08  6.21118331e-03
  8.01105620e-02 -9.21561381e-07  2.50771603e-02 -1.72502779e-06
 -4.74946953e-08 -7.07604879e-04 -1.68162967e-06  7.03916447e-02
 -8.70966731e-07  3.42982404e-02  5.26396677e-03  7.03843508e-08
  5.36048026e-03  8.01020995e-02 -1.37630661e-06  1.85501449e-02
 -1.54212778e-06 -4.86599058e-08 -5.70319460e-04 -1.65828387e-06
  7.03916462e-02 -8.70165916e-07  3.42982389e-02  3.51802076e-03
  8.82431366e-08  4.50977756e-03  8.08920600e-02 -1.90637476e-06
  7.53957071e-03 -1.26654881e-06 -4.54091552e-08 -4.29524946e-04
 -1.62812364e-06  7.03916476e-02 -8.69463554e-07  3.42982376e-02
  1.77207428e-03  1.05612794e-07  3.65907526e-03  8.05114845e-02
 -1.98892352e-06 -7.29477236e-03 -9.39256087e-07 -3.51880825e-08
 -2.77912991e-04 -1.59324297e-06  7.03916489e-02 -8.68870221e-07
  3.42982364e-02  2.61271684e-05  1.22584099e-07  2.80837310e-03
  7.77995931e-02 -1.49836121e-06 -2.29568700e-02 -5.36737090e-07
 -1.83022111e-08 -1.10122640e-04 -1.56666911e-06  7.03916500e-02
 -8.68391715e-07  3.42982354e-02 -1.71982057e-03  1.39456913e-07
  1.95767059e-03  7.21876889e-02 -8.74280487e-07 -3.66690296e-02
 -1.13678557e-07  2.00693882e-09  6.69837187e-05 -1.55784287e-06
  7.03916511e-02 -8.68025565e-07  3.42982346e-02 -3.46576870e-03
  1.56603609e-07  1.10696753e-03  6.33339621e-02 -1.69907258e-07
 -4.72467048e-02  3.32536664e-07  2.15980988e-08  2.37737064e-04
 -1.56703985e-06  7.03916521e-02 -8.67761331e-07  3.42982338e-02
 -5.21171720e-03  1.74299984e-07  2.56263961e-04  5.17096315e-02
  2.49241136e-07 -5.38198008e-02  5.65401479e-07  3.58091951e-08
  3.91170111e-04 -1.58720411e-06  7.03916529e-02 -8.67585327e-07
  3.42982332e-02 -6.95766582e-03  1.92536996e-07 -5.94439995e-04
  4.10999667e-02  3.15500413e-07 -5.73050181e-02  4.73003838e-07
  4.38402159e-08  5.31915762e-04 -1.60675346e-06  7.03916536e-02
 -8.67485309e-07  3.42982327e-02 -8.70361418e-03  2.11211785e-07
 -1.44514432e-03  3.22185900e-02  3.37737784e-07 -5.60937542e-02
  4.13614357e-07  4.79303122e-08  6.68144020e-04 -1.62138629e-06
  7.03916542e-02 -8.67450463e-07  3.42982323e-02 -1.04495622e-02
  2.30315567e-07 -2.29584899e-03  2.54117761e-02  3.24170260e-07
 -5.12008377e-02  4.02196559e-07  4.91194541e-08  8.05373240e-04
 -1.62902844e-06  7.03916547e-02 -8.67468368e-07  3.42982320e-02
 -1.21955098e-02  2.49990203e-07 -3.14655423e-03  1.31998689e-02
  2.98509467e-07 -3.65185361e-02  6.42126169e-07  4.72949108e-08
  9.46565158e-04 -1.63208146e-06  7.03916551e-02 -8.67523623e-07
  3.42982318e-02 -1.39414569e-02  2.70336304e-07 -3.99726023e-03
 -8.00249956e-04  2.46361133e-07 -1.86059913e-02  9.56933089e-07
  4.24961891e-08  1.09126177e-03 -1.63317445e-06  7.03916554e-02
 -8.67601020e-07  3.42982316e-02 -1.56874035e-02  2.91240035e-07
 -4.84796691e-03 -1.65835502e-02  1.66022230e-07  2.54016869e-03
  1.35123849e-06  3.59175831e-08  1.23721527e-03 -1.63213006e-06
  7.03916556e-02 -8.67688213e-07  3.42982314e-02 -1.74333497e-02
  3.12585275e-07 -5.69867414e-03 -3.41425252e-02  7.02353361e-08
  2.69189972e-02  1.83720621e-06  2.97691510e-08  1.38311523e-03
 -1.62692939e-06  7.03916558e-02 -8.67775744e-07  3.42982313e-02
 -1.91792958e-02  3.34255791e-07 -6.54938186e-03 -5.33829160e-02
  4.59363181e-08  5.43807867e-02  2.51081378e-06  2.60026427e-08
  1.52856745e-03 -1.61121647e-06  7.03916559e-02 -8.67856898e-07
  3.42982312e-02 -2.09252418e-02  3.56146739e-07 -7.40008990e-03
 -7.44653161e-02  1.63001375e-06  8.51035937e-02  5.16265983e-06
  3.24902134e-08  1.67389997e-03 -1.49555885e-06  7.03916560e-02
 -8.68155412e-07  3.42982311e-02 -2.26711875e-02  3.78170153e-07
 -8.25079811e-03 -9.60105969e-02 -3.04358481e-06  1.16261074e-01
  2.68121166e-07  5.80526959e-08  1.81977890e-03 -1.66894169e-06
  7.03916560e-02 -8.68212920e-07  3.42982310e-02 -2.44171326e-02
  4.00252742e-07 -9.10150632e-03 -1.16436052e-01 -1.90012533e-05
  1.40901390e-01 -1.97175190e-05  6.53404763e-08  1.96407768e-03
 -2.30925893e-06  7.03916561e-02 -8.68256920e-07  3.42982310e-02
 -2.61630772e-02  4.22328219e-07 -9.95221447e-03 -1.43901132e-01
  6.62876857e-06  1.66337407e-01  1.26149591e-05  2.81013500e-08
  2.09243849e-03 -1.52913002e-06  7.03916561e-02 -8.68288209e-07
  3.42982309e-02 -2.79090213e-02  4.44348769e-07 -1.08029227e-02
 -1.76909881e-01  2.80215960e-05  1.88576908e-01  4.11059153e-05
  6.84348203e-09  2.17004582e-03 -8.53066060e-07  7.03916560e-02
 -8.68308605e-07  3.42982308e-02 -2.96549651e-02  4.66279287e-07
 -1.16536309e-02 -2.16733577e-01 -2.75390225e-05  2.07723475e-01
 -1.51798354e-05  4.61190783e-08  2.13893492e-03 -2.02439950e-06
  7.03916560e-02 -8.68320518e-07  3.42982308e-02 -3.14009088e-02
  4.88106463e-07 -1.25043391e-02 -2.61072182e-01 -3.12346205e-05
  2.17818786e-01 -2.04766845e-05  6.40406324e-08  1.92192438e-03
 -2.05365588e-06  7.03916560e-02 -8.68326458e-07  3.42982308e-02
 -3.31468527e-02  5.09835203e-07 -1.33550472e-02 -3.09637164e-01
  5.42762887e-06  2.17831507e-01  8.28678968e-06  1.84306782e-08
  1.42734519e-03 -1.61738657e-06  7.03916560e-02 -8.68328789e-07
  3.42982308e-02 -3.48927967e-02  5.31472218e-07 -1.42057554e-02
 -3.61278218e-01  2.21391710e-06  2.20053200e-01  7.02101853e-06
 -2.59060246e-08  4.94481284e-04 -1.72085038e-06  7.03916560e-02
 -8.68329457e-07  3.42982307e-02 -3.66387406e-02  5.53044022e-07
 -1.50564638e-02 -4.01518186e-01  1.96888659e-07  2.07635996e-01
  6.39541054e-06 -5.16550557e-08 -9.71976075e-04 -1.81159385e-06
  7.03916560e-02 -8.68329595e-07  3.42982307e-02 -3.83846845e-02
  5.74589796e-07 -1.59071722e-02 -4.25800253e-01 -1.30836732e-07
  1.89495609e-01  6.43939397e-06 -6.20878849e-08 -2.86072257e-03
 -1.90292516e-06  7.03916560e-02 -8.68329612e-07  3.42982307e-02
 -4.01306285e-02  5.96128600e-07 -1.67578808e-02 -4.36893548e-01
 -9.42228165e-08  1.92574003e-01  6.44379360e-06 -6.35385396e-08
 -5.08278099e-03 -1.98962442e-06  7.03916239e-02 -8.82901284e-07
  3.42982658e-02  4.62935706e-02 -4.76453716e-07  2.53522088e-02
  4.05908560e-01  2.38961763e-06  2.11199415e-01 -3.51467418e-06
  7.76181872e-08  4.34366926e-03 -2.15896406e-06 -7.03916560e-02
  8.68329612e-07 -3.42982307e-02  4.10036005e-02 -6.06897311e-07
  1.71832351e-02  4.36893548e-01 -1.02923091e-07 -2.05845618e-01
 -6.44379360e-06  6.29542809e-08  6.27689772e-03  2.02958122e-06]
	----------------------------------------------------------------------------------------------------
